<?xml version="1.0" encoding="UTF-8"?>
<!-- Generated by org.testng.reporters.JUnitReportReporter -->
<testsuite hostname="DESKTOP-45L3Q3R" failures="0" tests="1" name="com.inetBankingV1.testCases.TC_Login001" time="5.210" errors="0" timestamp="2023-04-01T13:49:41 IST" skipped="0">
  <testcase classname="com.inetBankingV1.testCases.TC_Login001" name="loginTest" time="5.210"/>
  <system-out/>
</testsuite> <!-- com.inetBankingV1.testCases.TC_Login001 -->
