<?xml version="1.0" encoding="UTF-8"?>
<!-- Generated by org.testng.reporters.JUnitReportReporter -->
<testsuite hostname="DESKTOP-45L3Q3R" failures="0" tests="1" name="inetBankingV1.DatePickApproch1" time="21.297" errors="0" timestamp="2023-04-04T13:54:06 IST" skipped="0">
  <testcase classname="inetBankingV1.DatePickApproch1" name="launchWeb" time="21.297"/>
  <system-out/>
</testsuite> <!-- inetBankingV1.DatePickApproch1 -->
