<?xml version="1.0" encoding="UTF-8"?>
<!-- Generated by org.testng.reporters.JUnitReportReporter -->
<testsuite hostname="DESKTOP-45L3Q3R" failures="0" tests="2" name="com.inetBankingV1.testCases.TC_Login001" time="10.329" errors="0" timestamp="2023-04-04T19:03:08 IST" skipped="0">
  <testcase classname="com.inetBankingV1.testCases.TC_Login001" name="loginTest" time="9.079"/>
  <system-out/>
  <testcase classname="com.inetBankingV1.testCases.TC_Login001" name="logout" time="1.250"/>
  <system-out/>
</testsuite> <!-- com.inetBankingV1.testCases.TC_Login001 -->
